# JRE version: OpenJDK Runtime Environment (21.0.2+13) (build 21.0.2+13-58)
# Java VM: OpenJDK 64-Bit Server VM (21.0.2+13-58, mixed mode, sharing, tiered, compressed oops, compressed class ptrs, serial gc, windows-amd64)
GC Precious Log:
 CardTable entry size: 512
 CPUs: 16 total, 16 available
 Memory: 16107M
 Large Page Support: Disabled
 NUMA Support: Disabled
 Compressed Oops: Enabled (32-bit)
 Heap Min Capacity: 64M
 Heap Initial Capacity: 64M
 Heap Max Capacity: 256M
 Pre-touch: Disabled
Heap:
 def new generation   total 52864K, used 8561K [0x00000000f0000000, 0x00000000f3950000, 0x00000000f5550000)
  eden space 47040K,  11% used [0x00000000f0000000, 0x00000000f057f6d0, 0x00000000f2df0000)
  from space 5824K,  50% used [0x00000000f2df0000, 0x00000000f30cce10, 0x00000000f33a0000)
  to   space 5824K,   0% used [0x00000000f33a0000, 0x00000000f33a0000, 0x00000000f3950000)
 tenured generation   total 117248K, used 70347K [0x00000000f5550000, 0x00000000fc7d0000, 0x0000000100000000)
   the space 117248K,  59% used [0x00000000f5550000, 0x00000000f9a02c30, 0x00000000f9a02e00, 0x00000000fc7d0000)
 Metaspace       used 39156K, committed 39680K, reserved 180224K
  class space    used 4353K, committed 4608K, reserved 114688K
GC Heap History (20 events):
Event: 7.151 GC heap before
{Heap before GC invocations=29 (full 4):
 def new generation   total 31168K, used 31168K [0x00000000f0000000, 0x00000000f21d0000, 0x00000000f5550000)
  eden space 27712K, 100% used [0x00000000f0000000, 0x00000000f1b10000, 0x00000000f1b10000)
  from space 3456K, 100% used [0x00000000f1b10000, 0x00000000f1e70000, 0x00000000f1e70000)
  to   space 3456K,   0% used [0x00000000f1e70000, 0x00000000f1e70000, 0x00000000f21d0000)
 tenured generation   total 69168K, used 57539K [0x00000000f5550000, 0x00000000f98dc000, 0x0000000100000000)
   the space 69168K,  83% used [0x00000000f5550000, 0x00000000f8d80ff0, 0x00000000f8d81000, 0x00000000f98dc000)
 Metaspace       used 35747K, committed 36160K, reserved 180224K
  class space    used 4007K, committed 4224K, reserved 114688K
}
Event: 7.169 GC heap after
{Heap after GC invocations=30 (full 4):
 def new generation   total 31168K, used 3382K [0x00000000f0000000, 0x00000000f21d0000, 0x00000000f5550000)
  eden space 27712K,   0% used [0x00000000f0000000, 0x00000000f0000000, 0x00000000f1b10000)
  from space 3456K,  97% used [0x00000000f1e70000, 0x00000000f21bd868, 0x00000000f21d0000)
  to   space 3456K,   0% used [0x00000000f1b10000, 0x00000000f1b10000, 0x00000000f1e70000)
 tenured generation   total 69168K, used 60965K [0x00000000f5550000, 0x00000000f98dc000, 0x0000000100000000)
   the space 69168K,  88% used [0x00000000f5550000, 0x00000000f90d9638, 0x00000000f90d9800, 0x00000000f98dc000)
 Metaspace       used 35747K, committed 36160K, reserved 180224K
  class space    used 4007K, committed 4224K, reserved 114688K
}
Event: 7.303 GC heap before
{Heap before GC invocations=30 (full 4):
 def new generation   total 31168K, used 31094K [0x00000000f0000000, 0x00000000f21d0000, 0x00000000f5550000)
  eden space 27712K, 100% used [0x00000000f0000000, 0x00000000f1b10000, 0x00000000f1b10000)
  from space 3456K,  97% used [0x00000000f1e70000, 0x00000000f21bd868, 0x00000000f21d0000)
  to   space 3456K,   0% used [0x00000000f1b10000, 0x00000000f1b10000, 0x00000000f1e70000)
 tenured generation   total 69168K, used 60965K [0x00000000f5550000, 0x00000000f98dc000, 0x0000000100000000)
   the space 69168K,  88% used [0x00000000f5550000, 0x00000000f90d9638, 0x00000000f90d9800, 0x00000000f98dc000)
 Metaspace       used 35851K, committed 36288K, reserved 180224K
  class space    used 4007K, committed 4224K, reserved 114688K
}
Event: 7.317 GC heap after
{Heap after GC invocations=31 (full 4):
 def new generation   total 31168K, used 2383K [0x00000000f0000000, 0x00000000f21d0000, 0x00000000f5550000)
  eden space 27712K,   0% used [0x00000000f0000000, 0x00000000f0000000, 0x00000000f1b10000)
  from space 3456K,  68% used [0x00000000f1b10000, 0x00000000f1d63ea0, 0x00000000f1e70000)
  to   space 3456K,   0% used [0x00000000f1e70000, 0x00000000f1e70000, 0x00000000f21d0000)
 tenured generation   total 69168K, used 64336K [0x00000000f5550000, 0x00000000f98dc000, 0x0000000100000000)
   the space 69168K,  93% used [0x00000000f5550000, 0x00000000f94243f0, 0x00000000f9424400, 0x00000000f98dc000)
 Metaspace       used 35851K, committed 36288K, reserved 180224K
  class space    used 4007K, committed 4224K, reserved 114688K
}
Event: 7.423 GC heap before
{Heap before GC invocations=31 (full 4):
 def new generation   total 31168K, used 30095K [0x00000000f0000000, 0x00000000f21d0000, 0x00000000f5550000)
  eden space 27712K, 100% used [0x00000000f0000000, 0x00000000f1b10000, 0x00000000f1b10000)
  from space 3456K,  68% used [0x00000000f1b10000, 0x00000000f1d63ea0, 0x00000000f1e70000)
  to   space 3456K,   0% used [0x00000000f1e70000, 0x00000000f1e70000, 0x00000000f21d0000)
 tenured generation   total 69168K, used 64336K [0x00000000f5550000, 0x00000000f98dc000, 0x0000000100000000)
   the space 69168K,  93% used [0x00000000f5550000, 0x00000000f94243f0, 0x00000000f9424400, 0x00000000f98dc000)
 Metaspace       used 35890K, committed 36288K, reserved 180224K
  class space    used 4014K, committed 4224K, reserved 114688K
}
Event: 7.435 GC heap after
{Heap after GC invocations=32 (full 4):
 def new generation   total 31168K, used 1766K [0x00000000f0000000, 0x00000000f21d0000, 0x00000000f5550000)
  eden space 27712K,   0% used [0x00000000f0000000, 0x00000000f0000000, 0x00000000f1b10000)
  from space 3456K,  51% used [0x00000000f1e70000, 0x00000000f2029840, 0x00000000f21d0000)
  to   space 3456K,   0% used [0x00000000f1b10000, 0x00000000f1b10000, 0x00000000f1e70000)
 tenured generation   total 69168K, used 66717K [0x00000000f5550000, 0x00000000f98dc000, 0x0000000100000000)
   the space 69168K,  96% used [0x00000000f5550000, 0x00000000f96775a8, 0x00000000f9677600, 0x00000000f98dc000)
 Metaspace       used 35890K, committed 36288K, reserved 180224K
  class space    used 4014K, committed 4224K, reserved 114688K
}
Event: 7.909 GC heap before
{Heap before GC invocations=32 (full 4):
 def new generation   total 31168K, used 29478K [0x00000000f0000000, 0x00000000f21d0000, 0x00000000f5550000)
  eden space 27712K, 100% used [0x00000000f0000000, 0x00000000f1b10000, 0x00000000f1b10000)
  from space 3456K,  51% used [0x00000000f1e70000, 0x00000000f2029840, 0x00000000f21d0000)
  to   space 3456K,   0% used [0x00000000f1b10000, 0x00000000f1b10000, 0x00000000f1e70000)
 tenured generation   total 69168K, used 66717K [0x00000000f5550000, 0x00000000f98dc000, 0x0000000100000000)
   the space 69168K,  96% used [0x00000000f5550000, 0x00000000f96775a8, 0x00000000f9677600, 0x00000000f98dc000)
 Metaspace       used 37028K, committed 37376K, reserved 180224K
  class space    used 4094K, committed 4288K, reserved 114688K
}
Event: 7.925 GC heap after
{Heap after GC invocations=33 (full 4):
 def new generation   total 31168K, used 1982K [0x00000000f0000000, 0x00000000f21d0000, 0x00000000f5550000)
  eden space 27712K,   0% used [0x00000000f0000000, 0x00000000f0000000, 0x00000000f1b10000)
  from space 3456K,  57% used [0x00000000f1b10000, 0x00000000f1cffbf8, 0x00000000f1e70000)
  to   space 3456K,   0% used [0x00000000f1e70000, 0x00000000f1e70000, 0x00000000f21d0000)
 tenured generation   total 69168K, used 68479K [0x00000000f5550000, 0x00000000f98dc000, 0x0000000100000000)
   the space 69168K,  99% used [0x00000000f5550000, 0x00000000f982fed8, 0x00000000f9830000, 0x00000000f98dc000)
 Metaspace       used 37028K, committed 37376K, reserved 180224K
  class space    used 4094K, committed 4288K, reserved 114688K
}
Event: 8.366 GC heap before
{Heap before GC invocations=33 (full 4):
 def new generation   total 31168K, used 29694K [0x00000000f0000000, 0x00000000f21d0000, 0x00000000f5550000)
  eden space 27712K, 100% used [0x00000000f0000000, 0x00000000f1b10000, 0x00000000f1b10000)
  from space 3456K,  57% used [0x00000000f1b10000, 0x00000000f1cffbf8, 0x00000000f1e70000)
  to   space 3456K,   0% used [0x00000000f1e70000, 0x00000000f1e70000, 0x00000000f21d0000)
 tenured generation   total 69168K, used 68479K [0x00000000f5550000, 0x00000000f98dc000, 0x0000000100000000)
   the space 69168K,  99% used [0x00000000f5550000, 0x00000000f982fed8, 0x00000000f9830000, 0x00000000f98dc000)
 Metaspace       used 38233K, committed 38592K, reserved 180224K
  class space    used 4244K, committed 4416K, reserved 114688K
}
Event: 8.374 GC heap after
{Heap after GC invocations=34 (full 4):
 def new generation   total 31168K, used 616K [0x00000000f0000000, 0x00000000f21d0000, 0x00000000f5550000)
  eden space 27712K,   0% used [0x00000000f0000000, 0x00000000f0000000, 0x00000000f1b10000)
  from space 3456K,  17% used [0x00000000f1e70000, 0x00000000f1f0a390, 0x00000000f21d0000)
  to   space 3456K,   0% used [0x00000000f1b10000, 0x00000000f1b10000, 0x00000000f1e70000)
 tenured generation   total 70512K, used 70458K [0x00000000f5550000, 0x00000000f9a2c000, 0x0000000100000000)
   the space 70512K,  99% used [0x00000000f5550000, 0x00000000f9a1ea40, 0x00000000f9a1ec00, 0x00000000f9a2c000)
 Metaspace       used 38233K, committed 38592K, reserved 180224K
  class space    used 4244K, committed 4416K, reserved 114688K
}
Event: 8.374 GC heap before
{Heap before GC invocations=34 (full 4):
 def new generation   total 31168K, used 616K [0x00000000f0000000, 0x00000000f21d0000, 0x00000000f5550000)
  eden space 27712K,   0% used [0x00000000f0000000, 0x00000000f0000000, 0x00000000f1b10000)
  from space 3456K,  17% used [0x00000000f1e70000, 0x00000000f1f0a390, 0x00000000f21d0000)
  to   space 3456K,   0% used [0x00000000f1b10000, 0x00000000f1b10000, 0x00000000f1e70000)
 tenured generation   total 70512K, used 70458K [0x00000000f5550000, 0x00000000f9a2c000, 0x0000000100000000)
   the space 70512K,  99% used [0x00000000f5550000, 0x00000000f9a1ea40, 0x00000000f9a1ec00, 0x00000000f9a2c000)
 Metaspace       used 38233K, committed 38592K, reserved 180224K
  class space    used 4244K, committed 4416K, reserved 114688K
}
Event: 8.484 GC heap after
{Heap after GC invocations=34 (full 5):
 def new generation   total 52864K, used 0K [0x00000000f0000000, 0x00000000f3950000, 0x00000000f5550000)
  eden space 47040K,   0% used [0x00000000f0000000, 0x00000000f0000000, 0x00000000f2df0000)
  from space 5824K,   0% used [0x00000000f2df0000, 0x00000000f2df0000, 0x00000000f33a0000)
  to   space 5824K,   0% used [0x00000000f33a0000, 0x00000000f33a0000, 0x00000000f3950000)
 tenured generation   total 117248K, used 70347K [0x00000000f5550000, 0x00000000fc7d0000, 0x0000000100000000)
   the space 117248K,  59% used [0x00000000f5550000, 0x00000000f9a02c30, 0x00000000f9a02e00, 0x00000000fc7d0000)
 Metaspace       used 38233K, committed 38592K, reserved 180224K
  class space    used 4244K, committed 4416K, reserved 114688K
}
Event: 8.636 GC heap before
{Heap before GC invocations=34 (full 5):
 def new generation   total 52864K, used 47040K [0x00000000f0000000, 0x00000000f3950000, 0x00000000f5550000)
  eden space 47040K, 100% used [0x00000000f0000000, 0x00000000f2df0000, 0x00000000f2df0000)
  from space 5824K,   0% used [0x00000000f2df0000, 0x00000000f2df0000, 0x00000000f33a0000)
  to   space 5824K,   0% used [0x00000000f33a0000, 0x00000000f33a0000, 0x00000000f3950000)
 tenured generation   total 117248K, used 70347K [0x00000000f5550000, 0x00000000fc7d0000, 0x0000000100000000)
   the space 117248K,  59% used [0x00000000f5550000, 0x00000000f9a02c30, 0x00000000f9a02e00, 0x00000000fc7d0000)
 Metaspace       used 38365K, committed 38784K, reserved 180224K
  class space    used 4253K, committed 4480K, reserved 114688K
}
Event: 8.640 GC heap after
{Heap after GC invocations=35 (full 5):
 def new generation   total 52864K, used 1461K [0x00000000f0000000, 0x00000000f3950000, 0x00000000f5550000)
  eden space 47040K,   0% used [0x00000000f0000000, 0x00000000f0000000, 0x00000000f2df0000)
  from space 5824K,  25% used [0x00000000f33a0000, 0x00000000f350d7c0, 0x00000000f3950000)
  to   space 5824K,   0% used [0x00000000f2df0000, 0x00000000f2df0000, 0x00000000f33a0000)
 tenured generation   total 117248K, used 70347K [0x00000000f5550000, 0x00000000fc7d0000, 0x0000000100000000)
   the space 117248K,  59% used [0x00000000f5550000, 0x00000000f9a02c30, 0x00000000f9a02e00, 0x00000000fc7d0000)
 Metaspace       used 38365K, committed 38784K, reserved 180224K
  class space    used 4253K, committed 4480K, reserved 114688K
}
Event: 8.766 GC heap before
{Heap before GC invocations=35 (full 5):
 def new generation   total 52864K, used 48501K [0x00000000f0000000, 0x00000000f3950000, 0x00000000f5550000)
  eden space 47040K, 100% used [0x00000000f0000000, 0x00000000f2df0000, 0x00000000f2df0000)
  from space 5824K,  25% used [0x00000000f33a0000, 0x00000000f350d7c0, 0x00000000f3950000)
  to   space 5824K,   0% used [0x00000000f2df0000, 0x00000000f2df0000, 0x00000000f33a0000)
 tenured generation   total 117248K, used 70347K [0x00000000f5550000, 0x00000000fc7d0000, 0x0000000100000000)
   the space 117248K,  59% used [0x00000000f5550000, 0x00000000f9a02c30, 0x00000000f9a02e00, 0x00000000fc7d0000)
 Metaspace       used 38450K, committed 38912K, reserved 180224K
  class space    used 4266K, committed 4480K, reserved 114688K
}
Event: 8.767 GC heap after
{Heap after GC invocations=36 (full 5):
 def new generation   total 52864K, used 1465K [0x00000000f0000000, 0x00000000f3950000, 0x00000000f5550000)
  eden space 47040K,   0% used [0x00000000f0000000, 0x00000000f0000000, 0x00000000f2df0000)
  from space 5824K,  25% used [0x00000000f2df0000, 0x00000000f2f5e548, 0x00000000f33a0000)
  to   space 5824K,   0% used [0x00000000f33a0000, 0x00000000f33a0000, 0x00000000f3950000)
 tenured generation   total 117248K, used 70347K [0x00000000f5550000, 0x00000000fc7d0000, 0x0000000100000000)
   the space 117248K,  59% used [0x00000000f5550000, 0x00000000f9a02c30, 0x00000000f9a02e00, 0x00000000fc7d0000)
 Metaspace       used 38450K, committed 38912K, reserved 180224K
  class space    used 4266K, committed 4480K, reserved 114688K
}
Event: 9.089 GC heap before
{Heap before GC invocations=36 (full 5):
 def new generation   total 52864K, used 48505K [0x00000000f0000000, 0x00000000f3950000, 0x00000000f5550000)
  eden space 47040K, 100% used [0x00000000f0000000, 0x00000000f2df0000, 0x00000000f2df0000)
  from space 5824K,  25% used [0x00000000f2df0000, 0x00000000f2f5e548, 0x00000000f33a0000)
  to   space 5824K,   0% used [0x00000000f33a0000, 0x00000000f33a0000, 0x00000000f3950000)
 tenured generation   total 117248K, used 70347K [0x00000000f5550000, 0x00000000fc7d0000, 0x0000000100000000)
   the space 117248K,  59% used [0x00000000f5550000, 0x00000000f9a02c30, 0x00000000f9a02e00, 0x00000000fc7d0000)
 Metaspace       used 38974K, committed 39488K, reserved 180224K
  class space    used 4335K, committed 4608K, reserved 114688K
}
Event: 9.093 GC heap after
{Heap after GC invocations=37 (full 5):
 def new generation   total 52864K, used 2386K [0x00000000f0000000, 0x00000000f3950000, 0x00000000f5550000)
  eden space 47040K,   0% used [0x00000000f0000000, 0x00000000f0000000, 0x00000000f2df0000)
  from space 5824K,  40% used [0x00000000f33a0000, 0x00000000f35f4ba8, 0x00000000f3950000)
  to   space 5824K,   0% used [0x00000000f2df0000, 0x00000000f2df0000, 0x00000000f33a0000)
 tenured generation   total 117248K, used 70347K [0x00000000f5550000, 0x00000000fc7d0000, 0x0000000100000000)
   the space 117248K,  59% used [0x00000000f5550000, 0x00000000f9a02c30, 0x00000000f9a02e00, 0x00000000fc7d0000)
 Metaspace       used 38974K, committed 39488K, reserved 180224K
  class space    used 4335K, committed 4608K, reserved 114688K
}
Event: 9.452 GC heap before
{Heap before GC invocations=37 (full 5):
 def new generation   total 52864K, used 49426K [0x00000000f0000000, 0x00000000f3950000, 0x00000000f5550000)
  eden space 47040K, 100% used [0x00000000f0000000, 0x00000000f2df0000, 0x00000000f2df0000)
  from space 5824K,  40% used [0x00000000f33a0000, 0x00000000f35f4ba8, 0x00000000f3950000)
  to   space 5824K,   0% used [0x00000000f2df0000, 0x00000000f2df0000, 0x00000000f33a0000)
 tenured generation   total 117248K, used 70347K [0x00000000f5550000, 0x00000000fc7d0000, 0x0000000100000000)
   the space 117248K,  59% used [0x00000000f5550000, 0x00000000f9a02c30, 0x00000000f9a02e00, 0x00000000fc7d0000)
 Metaspace       used 39132K, committed 39616K, reserved 180224K
  class space    used 4352K, committed 4608K, reserved 114688K
}
Event: 9.457 GC heap after
{Heap after GC invocations=38 (full 5):
 def new generation   total 52864K, used 2931K [0x00000000f0000000, 0x00000000f3950000, 0x00000000f5550000)
  eden space 47040K,   0% used [0x00000000f0000000, 0x00000000f0000000, 0x00000000f2df0000)
  from space 5824K,  50% used [0x00000000f2df0000, 0x00000000f30cce10, 0x00000000f33a0000)
  to   space 5824K,   0% used [0x00000000f33a0000, 0x00000000f33a0000, 0x00000000f3950000)
 tenured generation   total 117248K, used 70347K [0x00000000f5550000, 0x00000000fc7d0000, 0x0000000100000000)
   the space 117248K,  59% used [0x00000000f5550000, 0x00000000f9a02c30, 0x00000000f9a02e00, 0x00000000fc7d0000)
 Metaspace       used 39132K, committed 39616K, reserved 180224K
  class space    used 4352K, committed 4608K, reserved 114688K
}

