# JRE version: OpenJDK Runtime Environment (21.0.2+13) (build 21.0.2+13-58)
# Java VM: OpenJDK 64-Bit Server VM (21.0.2+13-58, mixed mode, sharing, tiered, compressed oops, compressed class ptrs, g1 gc, windows-amd64)
GC Precious Log:
 CardTable entry size: 512
 Card Set container configuration: InlinePtr #cards 4 size 8 Array Of Cards #cards 16 size 48 Howl #buckets 8 coarsen threshold 3686 Howl Bitmap #cards 512 size 80 coarsen threshold 460 Card regions per heap region 1 cards per card region 4096
 CPUs: 16 total, 16 available
 Memory: 16107M
 Large Page Support: Disabled
 NUMA Support: Disabled
 Compressed Oops: Enabled (Zero based)
 Heap Region Size: 2M
 Heap Min Capacity: 8M
 Heap Initial Capacity: 252M
 Heap Max Capacity: 4028M
 Pre-touch: Disabled
 Parallel Workers: 13
 Concurrent Workers: 3
 Concurrent Refinement Workers: 13
 Periodic GC: Disabled
Heap:
 garbage-first heap   total 358400K, used 111804K [0x0000000704400000, 0x0000000800000000)
  region size 2048K, 12 young (24576K), 6 survivors (12288K)
 Metaspace       used 31339K, committed 31872K, reserved 1114112K
  class space    used 3407K, committed 3648K, reserved 1048576K
GC Heap History (20 events):
Event: 9.936 GC heap before
{Heap before GC invocations=11 (full 0):
 garbage-first heap   total 190464K, used 161942K [0x0000000704400000, 0x0000000800000000)
  region size 2048K, 48 young (98304K), 4 survivors (8192K)
 Metaspace       used 30692K, committed 31232K, reserved 1114112K
  class space    used 3358K, committed 3584K, reserved 1048576K
}
Event: 9.950 GC heap after
{Heap after GC invocations=12 (full 0):
 garbage-first heap   total 190464K, used 73491K [0x0000000704400000, 0x0000000800000000)
  region size 2048K, 2 young (4096K), 2 survivors (4096K)
 Metaspace       used 30692K, committed 31232K, reserved 1114112K
  class space    used 3358K, committed 3584K, reserved 1048576K
}
Event: 10.392 GC heap before
{Heap before GC invocations=12 (full 0):
 garbage-first heap   total 190464K, used 165651K [0x0000000704400000, 0x0000000800000000)
  region size 2048K, 47 young (96256K), 2 survivors (4096K)
 Metaspace       used 31057K, committed 31616K, reserved 1114112K
  class space    used 3389K, committed 3648K, reserved 1048576K
}
Event: 10.401 GC heap after
{Heap after GC invocations=13 (full 0):
 garbage-first heap   total 190464K, used 77797K [0x0000000704400000, 0x0000000800000000)
  region size 2048K, 4 young (8192K), 4 survivors (8192K)
 Metaspace       used 31057K, committed 31616K, reserved 1114112K
  class space    used 3389K, committed 3648K, reserved 1048576K
}
Event: 10.663 GC heap before
{Heap before GC invocations=13 (full 0):
 garbage-first heap   total 190464K, used 167909K [0x0000000704400000, 0x0000000800000000)
  region size 2048K, 48 young (98304K), 4 survivors (8192K)
 Metaspace       used 31113K, committed 31680K, reserved 1114112K
  class space    used 3392K, committed 3648K, reserved 1048576K
}
Event: 10.675 GC heap after
{Heap after GC invocations=14 (full 0):
 garbage-first heap   total 235520K, used 82802K [0x0000000704400000, 0x0000000800000000)
  region size 2048K, 6 young (12288K), 6 survivors (12288K)
 Metaspace       used 31113K, committed 31680K, reserved 1114112K
  class space    used 3392K, committed 3648K, reserved 1048576K
}
Event: 11.035 GC heap before
{Heap before GC invocations=14 (full 0):
 garbage-first heap   total 235520K, used 207730K [0x0000000704400000, 0x0000000800000000)
  region size 2048K, 67 young (137216K), 6 survivors (12288K)
 Metaspace       used 31200K, committed 31744K, reserved 1114112K
  class space    used 3395K, committed 3648K, reserved 1048576K
}
Event: 11.056 GC heap after
{Heap after GC invocations=15 (full 0):
 garbage-first heap   total 235520K, used 89631K [0x0000000704400000, 0x0000000800000000)
  region size 2048K, 7 young (14336K), 7 survivors (14336K)
 Metaspace       used 31200K, committed 31744K, reserved 1114112K
  class space    used 3395K, committed 3648K, reserved 1048576K
}
Event: 11.354 GC heap before
{Heap before GC invocations=15 (full 0):
 garbage-first heap   total 235520K, used 206367K [0x0000000704400000, 0x0000000800000000)
  region size 2048K, 63 young (129024K), 7 survivors (14336K)
 Metaspace       used 31213K, committed 31744K, reserved 1114112K
  class space    used 3396K, committed 3648K, reserved 1048576K
}
Event: 11.370 GC heap after
{Heap after GC invocations=16 (full 0):
 garbage-first heap   total 235520K, used 94208K [0x0000000704400000, 0x0000000800000000)
  region size 2048K, 5 young (10240K), 5 survivors (10240K)
 Metaspace       used 31213K, committed 31744K, reserved 1114112K
  class space    used 3396K, committed 3648K, reserved 1048576K
}
Event: 11.593 GC heap before
{Heap before GC invocations=16 (full 0):
 garbage-first heap   total 235520K, used 210944K [0x0000000704400000, 0x0000000800000000)
  region size 2048K, 62 young (126976K), 5 survivors (10240K)
 Metaspace       used 31250K, committed 31744K, reserved 1114112K
  class space    used 3400K, committed 3648K, reserved 1048576K
}
Event: 11.605 GC heap after
{Heap after GC invocations=17 (full 0):
 garbage-first heap   total 235520K, used 97157K [0x0000000704400000, 0x0000000800000000)
  region size 2048K, 4 young (8192K), 4 survivors (8192K)
 Metaspace       used 31250K, committed 31744K, reserved 1114112K
  class space    used 3400K, committed 3648K, reserved 1048576K
}
Event: 11.848 GC heap before
{Heap before GC invocations=17 (full 0):
 garbage-first heap   total 235520K, used 209797K [0x0000000704400000, 0x0000000800000000)
  region size 2048K, 59 young (120832K), 4 survivors (8192K)
 Metaspace       used 31255K, committed 31744K, reserved 1114112K
  class space    used 3400K, committed 3648K, reserved 1048576K
}
Event: 11.861 GC heap after
{Heap after GC invocations=18 (full 0):
 garbage-first heap   total 358400K, used 101396K [0x0000000704400000, 0x0000000800000000)
  region size 2048K, 6 young (12288K), 6 survivors (12288K)
 Metaspace       used 31255K, committed 31744K, reserved 1114112K
  class space    used 3400K, committed 3648K, reserved 1048576K
}
Event: 12.283 GC heap before
{Heap before GC invocations=18 (full 0):
 garbage-first heap   total 358400K, used 304148K [0x0000000704400000, 0x0000000800000000)
  region size 2048K, 105 young (215040K), 6 survivors (12288K)
 Metaspace       used 31279K, committed 31808K, reserved 1114112K
  class space    used 3400K, committed 3648K, reserved 1048576K
}
Event: 12.293 GC heap after
{Heap after GC invocations=19 (full 0):
 garbage-first heap   total 358400K, used 100565K [0x0000000704400000, 0x0000000800000000)
  region size 2048K, 5 young (10240K), 5 survivors (10240K)
 Metaspace       used 31279K, committed 31808K, reserved 1114112K
  class space    used 3400K, committed 3648K, reserved 1048576K
}
Event: 12.601 GC heap before
{Heap before GC invocations=19 (full 0):
 garbage-first heap   total 358400K, used 305365K [0x0000000704400000, 0x0000000800000000)
  region size 2048K, 105 young (215040K), 5 survivors (10240K)
 Metaspace       used 31299K, committed 31808K, reserved 1114112K
  class space    used 3400K, committed 3648K, reserved 1048576K
}
Event: 12.615 GC heap after
{Heap after GC invocations=20 (full 0):
 garbage-first heap   total 358400K, used 100829K [0x0000000704400000, 0x0000000800000000)
  region size 2048K, 5 young (10240K), 5 survivors (10240K)
 Metaspace       used 31299K, committed 31808K, reserved 1114112K
  class space    used 3400K, committed 3648K, reserved 1048576K
}
Event: 12.989 GC heap before
{Heap before GC invocations=20 (full 0):
 garbage-first heap   total 358400K, used 305629K [0x0000000704400000, 0x0000000800000000)
  region size 2048K, 105 young (215040K), 5 survivors (10240K)
 Metaspace       used 31305K, committed 31808K, reserved 1114112K
  class space    used 3400K, committed 3648K, reserved 1048576K
}
Event: 13.004 GC heap after
{Heap after GC invocations=21 (full 0):
 garbage-first heap   total 358400K, used 101564K [0x0000000704400000, 0x0000000800000000)
  region size 2048K, 6 young (12288K), 6 survivors (12288K)
 Metaspace       used 31305K, committed 31808K, reserved 1114112K
  class space    used 3400K, committed 3648K, reserved 1048576K
}

