# JRE version: OpenJDK Runtime Environment (21.0.2+13) (build 21.0.2+13-58)
# Java VM: OpenJDK 64-Bit Server VM (21.0.2+13-58, mixed mode, sharing, tiered, compressed oops, compressed class ptrs, g1 gc, windows-amd64)
GC Precious Log:
 CardTable entry size: 512
 Card Set container configuration: InlinePtr #cards 4 size 8 Array Of Cards #cards 16 size 48 Howl #buckets 8 coarsen threshold 3686 Howl Bitmap #cards 512 size 80 coarsen threshold 460 Card regions per heap region 1 cards per card region 4096
 CPUs: 16 total, 16 available
 Memory: 16107M
 Large Page Support: Disabled
 NUMA Support: Disabled
 Compressed Oops: Enabled (Zero based)
 Heap Region Size: 2M
 Heap Min Capacity: 8M
 Heap Initial Capacity: 252M
 Heap Max Capacity: 4028M
 Pre-touch: Disabled
 Parallel Workers: 13
 Concurrent Workers: 3
 Concurrent Refinement Workers: 13
 Periodic GC: Disabled
Heap:
 garbage-first heap   total 270336K, used 92512K [0x0000000704400000, 0x0000000800000000)
  region size 2048K, 6 young (12288K), 6 survivors (12288K)
 Metaspace       used 31212K, committed 31680K, reserved 1114112K
  class space    used 3395K, committed 3648K, reserved 1048576K
GC Heap History (20 events):
Event: 3.433 GC heap after
{Heap after GC invocations=4 (full 0):
 garbage-first heap   total 258048K, used 28311K [0x0000000704400000, 0x0000000800000000)
  region size 2048K, 1 young (2048K), 1 survivors (2048K)
 Metaspace       used 17643K, committed 17920K, reserved 1114112K
  class space    used 1969K, committed 2048K, reserved 1048576K
}
Event: 4.675 GC heap before
{Heap before GC invocations=4 (full 0):
 garbage-first heap   total 258048K, used 104087K [0x0000000704400000, 0x0000000800000000)
  region size 2048K, 25 young (51200K), 1 survivors (2048K)
 Metaspace       used 21213K, committed 21504K, reserved 1114112K
  class space    used 2398K, committed 2560K, reserved 1048576K
}
Event: 4.678 GC heap after
{Heap after GC invocations=5 (full 0):
 garbage-first heap   total 258048K, used 28205K [0x0000000704400000, 0x0000000800000000)
  region size 2048K, 3 young (6144K), 3 survivors (6144K)
 Metaspace       used 21213K, committed 21504K, reserved 1114112K
  class space    used 2398K, committed 2560K, reserved 1048576K
}
Event: 5.635 GC heap before
{Heap before GC invocations=6 (full 0):
 garbage-first heap   total 102400K, used 101933K [0x0000000704400000, 0x0000000800000000)
  region size 2048K, 39 young (79872K), 3 survivors (6144K)
 Metaspace       used 26502K, committed 26880K, reserved 1114112K
  class space    used 2955K, committed 3136K, reserved 1048576K
}
Event: 5.651 GC heap after
{Heap after GC invocations=7 (full 0):
 garbage-first heap   total 126976K, used 43163K [0x0000000704400000, 0x0000000800000000)
  region size 2048K, 10 young (20480K), 10 survivors (20480K)
 Metaspace       used 26502K, committed 26880K, reserved 1114112K
  class space    used 2955K, committed 3136K, reserved 1048576K
}
Event: 6.386 GC heap before
{Heap before GC invocations=7 (full 0):
 garbage-first heap   total 126976K, used 96411K [0x0000000704400000, 0x0000000800000000)
  region size 2048K, 36 young (73728K), 10 survivors (20480K)
 Metaspace       used 27197K, committed 27584K, reserved 1114112K
  class space    used 3016K, committed 3200K, reserved 1048576K
}
Event: 6.409 GC heap after
{Heap after GC invocations=8 (full 0):
 garbage-first heap   total 135168K, used 58368K [0x0000000704400000, 0x0000000800000000)
  region size 2048K, 5 young (10240K), 5 survivors (10240K)
 Metaspace       used 27197K, committed 27584K, reserved 1114112K
  class space    used 3016K, committed 3200K, reserved 1048576K
}
Event: 6.753 GC heap before
{Heap before GC invocations=8 (full 0):
 garbage-first heap   total 135168K, used 107520K [0x0000000704400000, 0x0000000800000000)
  region size 2048K, 29 young (59392K), 5 survivors (10240K)
 Metaspace       used 27532K, committed 27904K, reserved 1114112K
  class space    used 3023K, committed 3200K, reserved 1048576K
}
Event: 6.766 GC heap after
{Heap after GC invocations=9 (full 0):
 garbage-first heap   total 135168K, used 65536K [0x0000000704400000, 0x0000000800000000)
  region size 2048K, 3 young (6144K), 3 survivors (6144K)
 Metaspace       used 27532K, committed 27904K, reserved 1114112K
  class space    used 3023K, committed 3200K, reserved 1048576K
}
Event: 7.053 GC heap before
{Heap before GC invocations=9 (full 0):
 garbage-first heap   total 135168K, used 112640K [0x0000000704400000, 0x0000000800000000)
  region size 2048K, 26 young (53248K), 3 survivors (6144K)
 Metaspace       used 27876K, committed 28224K, reserved 1114112K
  class space    used 3048K, committed 3200K, reserved 1048576K
}
Event: 7.066 GC heap after
{Heap after GC invocations=10 (full 0):
 garbage-first heap   total 217088K, used 69632K [0x0000000704400000, 0x0000000800000000)
  region size 2048K, 2 young (4096K), 2 survivors (4096K)
 Metaspace       used 27876K, committed 28224K, reserved 1114112K
  class space    used 3048K, committed 3200K, reserved 1048576K
}
Event: 8.190 GC heap before
{Heap before GC invocations=10 (full 0):
 garbage-first heap   total 217088K, used 174080K [0x0000000704400000, 0x0000000800000000)
  region size 2048K, 54 young (110592K), 2 survivors (4096K)
 Metaspace       used 30089K, committed 30464K, reserved 1114112K
  class space    used 3274K, committed 3456K, reserved 1048576K
}
Event: 8.199 GC heap after
{Heap after GC invocations=11 (full 0):
 garbage-first heap   total 217088K, used 72016K [0x0000000704400000, 0x0000000800000000)
  region size 2048K, 4 young (8192K), 4 survivors (8192K)
 Metaspace       used 30089K, committed 30464K, reserved 1114112K
  class space    used 3274K, committed 3456K, reserved 1048576K
}
Event: 8.767 GC heap before
{Heap before GC invocations=11 (full 0):
 garbage-first heap   total 217088K, used 180560K [0x0000000704400000, 0x0000000800000000)
  region size 2048K, 57 young (116736K), 4 survivors (8192K)
 Metaspace       used 30697K, committed 31232K, reserved 1114112K
  class space    used 3357K, committed 3584K, reserved 1048576K
}
Event: 8.775 GC heap after
{Heap after GC invocations=12 (full 0):
 garbage-first heap   total 217088K, used 73444K [0x0000000704400000, 0x0000000800000000)
  region size 2048K, 4 young (8192K), 4 survivors (8192K)
 Metaspace       used 30697K, committed 31232K, reserved 1114112K
  class space    used 3357K, committed 3584K, reserved 1048576K
}
Event: 9.197 GC heap before
{Heap before GC invocations=12 (full 0):
 garbage-first heap   total 217088K, used 188132K [0x0000000704400000, 0x0000000800000000)
  region size 2048K, 60 young (122880K), 4 survivors (8192K)
 Metaspace       used 31106K, committed 31616K, reserved 1114112K
  class space    used 3391K, committed 3648K, reserved 1048576K
}
Event: 9.212 GC heap after
{Heap after GC invocations=13 (full 0):
 garbage-first heap   total 217088K, used 79872K [0x0000000704400000, 0x0000000800000000)
  region size 2048K, 7 young (14336K), 7 survivors (14336K)
 Metaspace       used 31106K, committed 31616K, reserved 1114112K
  class space    used 3391K, committed 3648K, reserved 1048576K
}
Event: 9.494 GC heap before
{Heap before GC invocations=13 (full 0):
 garbage-first heap   total 217088K, used 190464K [0x0000000704400000, 0x0000000800000000)
  region size 2048K, 61 young (124928K), 7 survivors (14336K)
 Metaspace       used 31179K, committed 31680K, reserved 1114112K
  class space    used 3395K, committed 3648K, reserved 1048576K
}
Event: 9.514 GC heap after
{Heap after GC invocations=14 (full 0):
 garbage-first heap   total 217088K, used 85617K [0x0000000704400000, 0x0000000800000000)
  region size 2048K, 7 young (14336K), 7 survivors (14336K)
 Metaspace       used 31179K, committed 31680K, reserved 1114112K
  class space    used 3395K, committed 3648K, reserved 1048576K
}
Event: 9.723 GC heap before
{Heap before GC invocations=14 (full 0):
 garbage-first heap   total 217088K, used 192113K [0x0000000704400000, 0x0000000800000000)
  region size 2048K, 58 young (118784K), 7 survivors (14336K)
 Metaspace       used 31212K, committed 31680K, reserved 1114112K
  class space    used 3395K, committed 3648K, reserved 1048576K
}

