# JRE version: OpenJDK Runtime Environment (21.0.2+13) (build 21.0.2+13-58)
# Java VM: OpenJDK 64-Bit Server VM (21.0.2+13-58, mixed mode, sharing, tiered, compressed oops, compressed class ptrs, g1 gc, windows-amd64)
GC Precious Log:
 CardTable entry size: 512
 Card Set container configuration: InlinePtr #cards 4 size 8 Array Of Cards #cards 16 size 48 Howl #buckets 8 coarsen threshold 3686 Howl Bitmap #cards 512 size 80 coarsen threshold 460 Card regions per heap region 1 cards per card region 4096
 CPUs: 16 total, 16 available
 Memory: 16107M
 Large Page Support: Disabled
 NUMA Support: Disabled
 Compressed Oops: Enabled (Zero based)
 Heap Region Size: 2M
 Heap Min Capacity: 8M
 Heap Initial Capacity: 252M
 Heap Max Capacity: 4028M
 Pre-touch: Disabled
 Parallel Workers: 13
 Concurrent Workers: 3
 Concurrent Refinement Workers: 13
 Periodic GC: Disabled
Heap:
 garbage-first heap   total 270336K, used 92297K [0x00000004d8200000, 0x00000005d3e00000)
  region size 2048K, 4 young (8192K), 4 survivors (8192K)
 Metaspace       used 31074K, committed 31616K, reserved 1114112K
  class space    used 3387K, committed 3648K, reserved 1048576K
GC Heap History (20 events):
Event: 6.007 GC heap after
{Heap after GC invocations=8 (full 0):
 garbage-first heap   total 143360K, used 58495K [0x00000004d8200000, 0x00000005d3e00000)
  region size 2048K, 5 young (10240K), 5 survivors (10240K)
 Metaspace       used 27287K, committed 27648K, reserved 1114112K
  class space    used 3020K, committed 3200K, reserved 1048576K
}
Event: 6.286 GC heap before
{Heap before GC invocations=8 (full 0):
 garbage-first heap   total 143360K, used 113791K [0x00000004d8200000, 0x00000005d3e00000)
  region size 2048K, 32 young (65536K), 5 survivors (10240K)
 Metaspace       used 27419K, committed 27776K, reserved 1114112K
  class space    used 3020K, committed 3200K, reserved 1048576K
}
Event: 6.303 GC heap after
{Heap after GC invocations=9 (full 0):
 garbage-first heap   total 174080K, used 65277K [0x00000004d8200000, 0x00000005d3e00000)
  region size 2048K, 3 young (6144K), 3 survivors (6144K)
 Metaspace       used 27419K, committed 27776K, reserved 1114112K
  class space    used 3020K, committed 3200K, reserved 1048576K
}
Event: 7.311 GC heap before
{Heap before GC invocations=9 (full 0):
 garbage-first heap   total 174080K, used 139005K [0x00000004d8200000, 0x00000005d3e00000)
  region size 2048K, 39 young (79872K), 3 survivors (6144K)
 Metaspace       used 29883K, committed 30272K, reserved 1114112K
  class space    used 3259K, committed 3456K, reserved 1048576K
}
Event: 7.320 GC heap after
{Heap after GC invocations=10 (full 0):
 garbage-first heap   total 174080K, used 68608K [0x00000004d8200000, 0x00000005d3e00000)
  region size 2048K, 4 young (8192K), 4 survivors (8192K)
 Metaspace       used 29883K, committed 30272K, reserved 1114112K
  class space    used 3259K, committed 3456K, reserved 1048576K
}
Event: 7.624 GC heap before
{Heap before GC invocations=10 (full 0):
 garbage-first heap   total 174080K, used 144384K [0x00000004d8200000, 0x00000005d3e00000)
  region size 2048K, 41 young (83968K), 4 survivors (8192K)
 Metaspace       used 30215K, committed 30656K, reserved 1114112K
  class space    used 3314K, committed 3520K, reserved 1048576K
}
Event: 7.633 GC heap after
{Heap after GC invocations=11 (full 0):
 garbage-first heap   total 174080K, used 69731K [0x00000004d8200000, 0x00000005d3e00000)
  region size 2048K, 3 young (6144K), 3 survivors (6144K)
 Metaspace       used 30215K, committed 30656K, reserved 1114112K
  class space    used 3314K, committed 3520K, reserved 1048576K
}
Event: 8.102 GC heap before
{Heap before GC invocations=11 (full 0):
 garbage-first heap   total 174080K, used 149603K [0x00000004d8200000, 0x00000005d3e00000)
  region size 2048K, 42 young (86016K), 3 survivors (6144K)
 Metaspace       used 30734K, committed 31168K, reserved 1114112K
  class space    used 3370K, committed 3584K, reserved 1048576K
}
Event: 8.109 GC heap after
{Heap after GC invocations=12 (full 0):
 garbage-first heap   total 174080K, used 71277K [0x00000004d8200000, 0x00000005d3e00000)
  region size 2048K, 3 young (6144K), 3 survivors (6144K)
 Metaspace       used 30734K, committed 31168K, reserved 1114112K
  class space    used 3370K, committed 3584K, reserved 1048576K
}
Event: 8.431 GC heap before
{Heap before GC invocations=12 (full 0):
 garbage-first heap   total 174080K, used 153197K [0x00000004d8200000, 0x00000005d3e00000)
  region size 2048K, 43 young (88064K), 3 survivors (6144K)
 Metaspace       used 30866K, committed 31296K, reserved 1114112K
  class space    used 3375K, committed 3584K, reserved 1048576K
}
Event: 8.444 GC heap after
{Heap after GC invocations=13 (full 0):
 garbage-first heap   total 174080K, used 75773K [0x00000004d8200000, 0x00000005d3e00000)
  region size 2048K, 6 young (12288K), 6 survivors (12288K)
 Metaspace       used 30866K, committed 31296K, reserved 1114112K
  class space    used 3375K, committed 3584K, reserved 1048576K
}
Event: 8.717 GC heap before
{Heap before GC invocations=13 (full 0):
 garbage-first heap   total 174080K, used 149501K [0x00000004d8200000, 0x00000005d3e00000)
  region size 2048K, 42 young (86016K), 6 survivors (12288K)
 Metaspace       used 30916K, committed 31424K, reserved 1114112K
  class space    used 3380K, committed 3648K, reserved 1048576K
}
Event: 8.734 GC heap after
{Heap after GC invocations=14 (full 0):
 garbage-first heap   total 229376K, used 80031K [0x00000004d8200000, 0x00000005d3e00000)
  region size 2048K, 6 young (12288K), 6 survivors (12288K)
 Metaspace       used 30916K, committed 31424K, reserved 1114112K
  class space    used 3380K, committed 3648K, reserved 1048576K
}
Event: 9.122 GC heap before
{Heap before GC invocations=14 (full 0):
 garbage-first heap   total 229376K, used 200863K [0x00000004d8200000, 0x00000005d3e00000)
  region size 2048K, 65 young (133120K), 6 survivors (12288K)
 Metaspace       used 30991K, committed 31488K, reserved 1114112K
  class space    used 3384K, committed 3648K, reserved 1048576K
}
Event: 9.137 GC heap after
{Heap after GC invocations=15 (full 0):
 garbage-first heap   total 229376K, used 86514K [0x00000004d8200000, 0x00000005d3e00000)
  region size 2048K, 8 young (16384K), 8 survivors (16384K)
 Metaspace       used 30991K, committed 31488K, reserved 1114112K
  class space    used 3384K, committed 3648K, reserved 1048576K
}
Event: 9.309 GC heap before
{Heap before GC invocations=15 (full 0):
 garbage-first heap   total 229376K, used 197106K [0x00000004d8200000, 0x00000005d3e00000)
  region size 2048K, 62 young (126976K), 8 survivors (16384K)
 Metaspace       used 31030K, committed 31552K, reserved 1114112K
  class space    used 3385K, committed 3648K, reserved 1048576K
}
Event: 9.318 GC heap after
{Heap after GC invocations=16 (full 0):
 garbage-first heap   total 229376K, used 85638K [0x00000004d8200000, 0x00000005d3e00000)
  region size 2048K, 3 young (6144K), 3 survivors (6144K)
 Metaspace       used 31030K, committed 31552K, reserved 1114112K
  class space    used 3385K, committed 3648K, reserved 1048576K
}
Event: 9.620 GC heap before
{Heap before GC invocations=16 (full 0):
 garbage-first heap   total 229376K, used 208518K [0x00000004d8200000, 0x00000005d3e00000)
  region size 2048K, 63 young (129024K), 3 survivors (6144K)
 Metaspace       used 31068K, committed 31616K, reserved 1114112K
  class space    used 3387K, committed 3648K, reserved 1048576K
}
Event: 9.632 GC heap after
{Heap after GC invocations=17 (full 0):
 garbage-first heap   total 229376K, used 91375K [0x00000004d8200000, 0x00000005d3e00000)
  region size 2048K, 6 young (12288K), 6 survivors (12288K)
 Metaspace       used 31068K, committed 31616K, reserved 1114112K
  class space    used 3387K, committed 3648K, reserved 1048576K
}
Event: 9.825 GC heap before
{Heap before GC invocations=17 (full 0):
 garbage-first heap   total 229376K, used 201967K [0x00000004d8200000, 0x00000005d3e00000)
  region size 2048K, 60 young (122880K), 6 survivors (12288K)
 Metaspace       used 31074K, committed 31616K, reserved 1114112K
  class space    used 3387K, committed 3648K, reserved 1048576K
}

