# JRE version: OpenJDK Runtime Environment (21.0.2+13) (build 21.0.2+13-58)
# Java VM: OpenJDK 64-Bit Server VM (21.0.2+13-58, mixed mode, sharing, tiered, compressed oops, compressed class ptrs, g1 gc, windows-amd64)
GC Precious Log:
 CardTable entry size: 512
 Card Set container configuration: InlinePtr #cards 5 size 8 Array Of Cards #cards 12 size 40 Howl #buckets 4 coarsen threshold 1843 Howl Bitmap #cards 512 size 80 coarsen threshold 460 Card regions per heap region 1 cards per card region 2048
 CPUs: 16 total, 16 available
 Memory: 16107M
 Large Page Support: Disabled
 NUMA Support: Disabled
 Compressed Oops: Enabled (32-bit)
 Heap Region Size: 1M
 Heap Min Capacity: 128M
 Heap Initial Capacity: 128M
 Heap Max Capacity: 512M
 Pre-touch: Disabled
 Parallel Workers: 13
 Concurrent Workers: 3
 Concurrent Refinement Workers: 13
 Periodic GC: Disabled
Heap:
 garbage-first heap   total 220160K, used 98372K [0x00000000e0000000, 0x0000000100000000)
  region size 1024K, 3 young (3072K), 3 survivors (3072K)
 Metaspace       used 31235K, committed 31744K, reserved 1114112K
  class space    used 3396K, committed 3648K, reserved 1048576K
GC Heap History (20 events):
Event: 9.550 GC heap after
{Heap after GC invocations=27 (full 0):
 garbage-first heap   total 158720K, used 85796K [0x00000000e0000000, 0x0000000100000000)
  region size 1024K, 5 young (5120K), 5 survivors (5120K)
 Metaspace       used 31113K, committed 31680K, reserved 1114112K
  class space    used 3389K, committed 3648K, reserved 1048576K
}
Event: 9.707 GC heap before
{Heap before GC invocations=27 (full 0):
 garbage-first heap   total 158720K, used 146212K [0x00000000e0000000, 0x0000000100000000)
  region size 1024K, 62 young (63488K), 5 survivors (5120K)
 Metaspace       used 31136K, committed 31680K, reserved 1114112K
  class space    used 3392K, committed 3648K, reserved 1048576K
}
Event: 9.723 GC heap after
{Heap after GC invocations=28 (full 0):
 garbage-first heap   total 158720K, used 90028K [0x00000000e0000000, 0x0000000100000000)
  region size 1024K, 6 young (6144K), 6 survivors (6144K)
 Metaspace       used 31136K, committed 31680K, reserved 1114112K
  class space    used 3392K, committed 3648K, reserved 1048576K
}
Event: 9.813 GC heap before
{Heap before GC invocations=28 (full 0):
 garbage-first heap   total 158720K, used 142252K [0x00000000e0000000, 0x0000000100000000)
  region size 1024K, 57 young (58368K), 6 survivors (6144K)
 Metaspace       used 31147K, committed 31680K, reserved 1114112K
  class space    used 3393K, committed 3648K, reserved 1048576K
}
Event: 9.826 GC heap after
{Heap after GC invocations=29 (full 0):
 garbage-first heap   total 214016K, used 92102K [0x00000000e0000000, 0x0000000100000000)
  region size 1024K, 6 young (6144K), 6 survivors (6144K)
 Metaspace       used 31147K, committed 31680K, reserved 1114112K
  class space    used 3393K, committed 3648K, reserved 1048576K
}
Event: 10.028 GC heap before
{Heap before GC invocations=30 (full 0):
 garbage-first heap   total 214016K, used 194502K [0x00000000e0000000, 0x0000000100000000)
  region size 1024K, 107 young (109568K), 6 survivors (6144K)
 Metaspace       used 31153K, committed 31680K, reserved 1114112K
  class space    used 3394K, committed 3648K, reserved 1048576K
}
Event: 10.037 GC heap after
{Heap after GC invocations=31 (full 0):
 garbage-first heap   total 214016K, used 91149K [0x00000000e0000000, 0x0000000100000000)
  region size 1024K, 6 young (6144K), 6 survivors (6144K)
 Metaspace       used 31153K, committed 31680K, reserved 1114112K
  class space    used 3394K, committed 3648K, reserved 1048576K
}
Event: 10.293 GC heap before
{Heap before GC invocations=31 (full 0):
 garbage-first heap   total 214016K, used 195597K [0x00000000e0000000, 0x0000000100000000)
  region size 1024K, 108 young (110592K), 6 survivors (6144K)
 Metaspace       used 31187K, committed 31744K, reserved 1114112K
  class space    used 3396K, committed 3648K, reserved 1048576K
}
Event: 10.315 GC heap after
{Heap after GC invocations=32 (full 0):
 garbage-first heap   total 214016K, used 97084K [0x00000000e0000000, 0x0000000100000000)
  region size 1024K, 12 young (12288K), 12 survivors (12288K)
 Metaspace       used 31187K, committed 31744K, reserved 1114112K
  class space    used 3396K, committed 3648K, reserved 1048576K
}
Event: 10.506 GC heap before
{Heap before GC invocations=32 (full 0):
 garbage-first heap   total 214016K, used 190268K [0x00000000e0000000, 0x0000000100000000)
  region size 1024K, 103 young (105472K), 12 survivors (12288K)
 Metaspace       used 31191K, committed 31744K, reserved 1114112K
  class space    used 3396K, committed 3648K, reserved 1048576K
}
Event: 10.519 GC heap after
{Heap after GC invocations=33 (full 0):
 garbage-first heap   total 214016K, used 98214K [0x00000000e0000000, 0x0000000100000000)
  region size 1024K, 4 young (4096K), 4 survivors (4096K)
 Metaspace       used 31191K, committed 31744K, reserved 1114112K
  class space    used 3396K, committed 3648K, reserved 1048576K
}
Event: 10.735 GC heap before
{Heap before GC invocations=34 (full 0):
 garbage-first heap   total 215040K, used 197542K [0x00000000e0000000, 0x0000000100000000)
  region size 1024K, 101 young (103424K), 4 survivors (4096K)
 Metaspace       used 31196K, committed 31744K, reserved 1114112K
  class space    used 3396K, committed 3648K, reserved 1048576K
}
Event: 10.748 GC heap after
{Heap after GC invocations=35 (full 0):
 garbage-first heap   total 215040K, used 103896K [0x00000000e0000000, 0x0000000100000000)
  region size 1024K, 10 young (10240K), 10 survivors (10240K)
 Metaspace       used 31196K, committed 31744K, reserved 1114112K
  class space    used 3396K, committed 3648K, reserved 1048576K
}
Event: 10.951 GC heap before
{Heap before GC invocations=35 (full 0):
 garbage-first heap   total 215040K, used 191960K [0x00000000e0000000, 0x0000000100000000)
  region size 1024K, 96 young (98304K), 10 survivors (10240K)
 Metaspace       used 31208K, committed 31744K, reserved 1114112K
  class space    used 3396K, committed 3648K, reserved 1048576K
}
Event: 10.962 GC heap after
{Heap after GC invocations=36 (full 0):
 garbage-first heap   total 215040K, used 101411K [0x00000000e0000000, 0x0000000100000000)
  region size 1024K, 3 young (3072K), 3 survivors (3072K)
 Metaspace       used 31208K, committed 31744K, reserved 1114112K
  class space    used 3396K, committed 3648K, reserved 1048576K
}
Event: 11.093 GC heap before
{Heap before GC invocations=36 (full 0):
 garbage-first heap   total 215040K, used 199715K [0x00000000e0000000, 0x0000000100000000)
  region size 1024K, 99 young (101376K), 3 survivors (3072K)
 Metaspace       used 31208K, committed 31744K, reserved 1114112K
  class space    used 3396K, committed 3648K, reserved 1048576K
}
Event: 11.098 GC heap after
{Heap after GC invocations=37 (full 0):
 garbage-first heap   total 215040K, used 100912K [0x00000000e0000000, 0x0000000100000000)
  region size 1024K, 3 young (3072K), 3 survivors (3072K)
 Metaspace       used 31208K, committed 31744K, reserved 1114112K
  class space    used 3396K, committed 3648K, reserved 1048576K
}
Event: 11.314 GC heap before
{Heap before GC invocations=38 (full 0):
 garbage-first heap   total 220160K, used 198192K [0x00000000e0000000, 0x0000000100000000)
  region size 1024K, 98 young (100352K), 3 survivors (3072K)
 Metaspace       used 31229K, committed 31744K, reserved 1114112K
  class space    used 3396K, committed 3648K, reserved 1048576K
}
Event: 11.324 GC heap after
{Heap after GC invocations=39 (full 0):
 garbage-first heap   total 220160K, used 107129K [0x00000000e0000000, 0x0000000100000000)
  region size 1024K, 9 young (9216K), 9 survivors (9216K)
 Metaspace       used 31229K, committed 31744K, reserved 1114112K
  class space    used 3396K, committed 3648K, reserved 1048576K
}
Event: 11.479 GC heap before
{Heap before GC invocations=39 (full 0):
 garbage-first heap   total 220160K, used 197241K [0x00000000e0000000, 0x0000000100000000)
  region size 1024K, 97 young (99328K), 9 survivors (9216K)
 Metaspace       used 31235K, committed 31744K, reserved 1114112K
  class space    used 3396K, committed 3648K, reserved 1048576K
}

